<?xml version="1.0" encoding="UTF-8" ?>
<testsuite failures="0" time="0.008" errors="0" skipped="0" tests="7" name="com.ag.spring_extensions.util.JodaUtilsUnitTest">
  <properties>
[...]
</properties>
  <testcase time="0.001" classname="com.ag.spring_extensions.util.JodaUtilsUnitTest" name="shouldNotConvertDateStringToLocalDateForBlankDate"/>
  <testcase time="0" classname="com.ag.spring_extensions.util.JodaUtilsUnitTest" name="shouldNotConvertDateStringToLocalDateForInvalidDate"/>
  <testcase time="0.001" classname="com.ag.spring_extensions.util.JodaUtilsUnitTest" name="shouldConvertDateStringToLocalDateForValidDate"/>
  <testcase time="0.001" classname="com.ag.spring_extensions.util.JodaUtilsUnitTest" name="shouldThrowExceptionWhenConvertingInvalidTimestampStringToLocalDateTime"/>
  <testcase time="0.001" classname="com.ag.spring_extensions.util.JodaUtilsUnitTest" name="shouldThrowExceptionWhenConvertingNonTimestampStringToLocalDateTime"/>
  <testcase time="0" classname="com.ag.spring_extensions.util.JodaUtilsUnitTest" name="canConvertTimestampStringToLocalDateTimeWithExtraZero"/>
  <testcase time="0.001" classname="com.ag.spring_extensions.util.JodaUtilsUnitTest" name="shouldConvertTimeStringIntoPeriod"/>
</testsuite>